2022-06-26 10:20:34.165 [INFO ] com.jonas.Application - Starting Application on jonas-mac.local with PID 8519 (/Users/shenjiayun/Documents/workspace/java/wechat-applet-server/target/classes started by shenjiayun in /Users/shenjiayun/Documents/workspace/java/wechat-applet-server)
2022-06-26 10:20:34.172 [DEBUG] com.jonas.Application - Running with Spring Boot v2.3.2.RELEASE, Spring v5.2.8.RELEASE
2022-06-26 10:20:34.173 [INFO ] com.jonas.Application - No active profile set, falling back to default profiles: default
2022-06-26 10:20:40.340 [INFO ] com.jonas.Application - Started Application in 8.037 seconds (JVM running for 9.118)
2022-06-26 10:21:08.911 [DEBUG] com.jonas.data.mysql.mapper.WechatSecretMapper.selectById - ==>  Preparing: SELECT appid,secret,create_time,update_time FROM wechat_secret WHERE appid=?
2022-06-26 10:21:08.957 [DEBUG] com.jonas.data.mysql.mapper.WechatSecretMapper.selectById - ==> Parameters: wx9692a6329bcdb403(String)
2022-06-26 10:21:08.996 [DEBUG] com.jonas.data.mysql.mapper.WechatSecretMapper.selectById - <==      Total: 1
2022-06-26 10:21:09.006 [INFO ] com.jonas.service.AuthService - 调用code2session开始，appid为wx9692a6329bcdb403, js_code为013WmQ0w3wvIJY2Bkh0w3EsnQ14WmQ09
2022-06-26 10:21:09.693 [INFO ] com.jonas.service.AuthService - 调用code2session成功，返回值为Code2SessionResponse(openid=ocqK84mFVsIEWzAIe6OIjWmc396A, session_key=WpQhFqrWWz+WjPFR7q23dw==, unionid=null, errcode=0, errmsg=null)
2022-06-26 10:21:09.745 [DEBUG] com.jonas.data.mysql.mapper.WechatUserMapper.insert - ==>  Preparing: INSERT INTO wechat_user ( openid, session_key ) VALUES ( ?, ? )
2022-06-26 10:21:09.746 [DEBUG] com.jonas.data.mysql.mapper.WechatUserMapper.insert - ==> Parameters: ocqK84mFVsIEWzAIe6OIjWmc396A(String), WpQhFqrWWz+WjPFR7q23dw==(String)
2022-06-26 10:21:09.751 [DEBUG] com.jonas.data.mysql.mapper.WechatUserMapper.insert - <==    Updates: 1
2022-06-26 10:21:09.752 [INFO ] com.jonas.service.AuthService - 保存WechatUser成功，WechatUser(openid=ocqK84mFVsIEWzAIe6OIjWmc396A, unionid=null, sessionKey=WpQhFqrWWz+WjPFR7q23dw==, createTime=null, updateTime=null)
2022-06-26 10:21:45.910 [DEBUG] com.jonas.data.mysql.mapper.WechatSecretMapper.selectById - ==>  Preparing: SELECT appid,secret,create_time,update_time FROM wechat_secret WHERE appid=?
2022-06-26 10:21:45.911 [DEBUG] com.jonas.data.mysql.mapper.WechatSecretMapper.selectById - ==> Parameters: wx9692a6329bcdb403(String)
2022-06-26 10:21:45.913 [DEBUG] com.jonas.data.mysql.mapper.WechatSecretMapper.selectById - <==      Total: 1
2022-06-26 10:21:45.913 [INFO ] com.jonas.service.AuthService - 调用code2session开始，appid为wx9692a6329bcdb403, js_code为053hmz0w38SZJY2biW3w3dnBeJ2hmz02
2022-06-26 10:21:46.257 [INFO ] com.jonas.service.AuthService - 调用code2session成功，返回值为Code2SessionResponse(openid=ocqK84mFVsIEWzAIe6OIjWmc396A, session_key=WpQhFqrWWz+WjPFR7q23dw==, unionid=null, errcode=0, errmsg=null)
2022-06-26 10:21:46.259 [DEBUG] com.jonas.data.mysql.mapper.WechatUserMapper.insert - ==>  Preparing: INSERT INTO wechat_user ( openid, session_key ) VALUES ( ?, ? )
2022-06-26 10:21:46.260 [DEBUG] com.jonas.data.mysql.mapper.WechatUserMapper.insert - ==> Parameters: ocqK84mFVsIEWzAIe6OIjWmc396A(String), WpQhFqrWWz+WjPFR7q23dw==(String)
2022-06-26 10:34:05.985 [INFO ] com.jonas.Application - Starting Application on jonas-mac.local with PID 8616 (/Users/shenjiayun/Documents/workspace/java/wechat-applet-server/target/classes started by shenjiayun in /Users/shenjiayun/Documents/workspace/java/wechat-applet-server)
2022-06-26 10:34:05.990 [DEBUG] com.jonas.Application - Running with Spring Boot v2.3.2.RELEASE, Spring v5.2.8.RELEASE
2022-06-26 10:34:05.990 [INFO ] com.jonas.Application - No active profile set, falling back to default profiles: default
2022-06-26 10:34:11.491 [INFO ] com.jonas.Application - Started Application in 7.292 seconds (JVM running for 8.565)
2022-06-26 10:34:29.235 [DEBUG] com.jonas.data.mysql.mapper.WechatSecretMapper.selectById - ==>  Preparing: SELECT appid,secret,create_time,update_time FROM wechat_secret WHERE appid=?
2022-06-26 10:34:29.276 [DEBUG] com.jonas.data.mysql.mapper.WechatSecretMapper.selectById - ==> Parameters: wx9692a6329bcdb403(String)
2022-06-26 10:34:29.318 [DEBUG] com.jonas.data.mysql.mapper.WechatSecretMapper.selectById - <==      Total: 1
2022-06-26 10:34:29.329 [INFO ] com.jonas.service.AuthService - 调用code2session开始，appid为wx9692a6329bcdb403, js_code为033MMZkl20IAp94iqnml2OUVWa4MMZk1
2022-06-26 10:34:30.104 [INFO ] com.jonas.service.AuthService - 调用code2session成功，返回值为Code2SessionResponse(openid=ocqK84mFVsIEWzAIe6OIjWmc396A, session_key=5zkXUIF6ooxBPkfkJyLeaQ==, unionid=null, errcode=0, errmsg=null)
2022-06-26 10:34:30.131 [DEBUG] com.jonas.data.mysql.mapper.WechatUserMapper.selectById - ==>  Preparing: SELECT openid,unionid,session_key,create_time,update_time FROM wechat_user WHERE openid=?
2022-06-26 10:34:30.132 [DEBUG] com.jonas.data.mysql.mapper.WechatUserMapper.selectById - ==> Parameters: ocqK84mFVsIEWzAIe6OIjWmc396A(String)
2022-06-26 10:34:30.134 [DEBUG] com.jonas.data.mysql.mapper.WechatUserMapper.selectById - <==      Total: 1
2022-06-26 10:34:30.187 [INFO ] com.jonas.config.MyMetaObjectHandler - start update fill ....
2022-06-26 10:34:30.200 [DEBUG] com.jonas.data.mysql.mapper.WechatUserMapper.updateById - ==>  Preparing: UPDATE wechat_user SET session_key=?, update_time=? WHERE openid=?
2022-06-26 10:34:30.204 [DEBUG] com.jonas.data.mysql.mapper.WechatUserMapper.updateById - ==> Parameters: 5zkXUIF6ooxBPkfkJyLeaQ==(String), 2022-06-26T10:34:30.200(LocalDateTime), ocqK84mFVsIEWzAIe6OIjWmc396A(String)
2022-06-26 10:34:30.212 [DEBUG] com.jonas.data.mysql.mapper.WechatUserMapper.updateById - <==    Updates: 1
2022-06-26 10:34:30.213 [INFO ] com.jonas.data.mysql.dao.WechatUserDao - 更新WechatUser成功，旧sessionKey为WpQhFqrWWz+WjPFR7q23dw==，新sessionKey为5zkXUIF6ooxBPkfkJyLeaQ==
2022-06-26 10:45:48.315 [INFO ] com.jonas.Application - Starting Application on jonas-mac.local with PID 8985 (/Users/shenjiayun/Documents/workspace/java/wechat-applet-server/target/classes started by shenjiayun in /Users/shenjiayun/Documents/workspace/java/wechat-applet-server)
2022-06-26 10:45:48.318 [DEBUG] com.jonas.Application - Running with Spring Boot v2.3.2.RELEASE, Spring v5.2.8.RELEASE
2022-06-26 10:45:48.319 [INFO ] com.jonas.Application - No active profile set, falling back to default profiles: default
2022-06-26 10:45:54.100 [INFO ] com.jonas.Application - Started Application in 7.466 seconds (JVM running for 8.722)
2022-06-26 10:46:13.749 [DEBUG] com.jonas.data.mysql.mapper.WechatSecretMapper.selectById - ==>  Preparing: SELECT appid,secret,create_time,update_time FROM wechat_secret WHERE appid=?
2022-06-26 10:46:13.799 [DEBUG] com.jonas.data.mysql.mapper.WechatSecretMapper.selectById - ==> Parameters: wx9692a6329bcdb403(String)
2022-06-26 10:46:13.887 [DEBUG] com.jonas.data.mysql.mapper.WechatSecretMapper.selectById - <==      Total: 1
2022-06-26 10:46:13.899 [INFO ] com.jonas.service.AuthService - 调用code2session开始，appid为wx9692a6329bcdb403, js_code为053e3d100Bma4O1ICd100Il7Z02e3d1H
2022-06-26 10:46:14.602 [INFO ] com.jonas.service.AuthService - 调用code2session成功，返回值为Code2SessionResponse(openid=ocqK84mFVsIEWzAIe6OIjWmc396A, session_key=9OG2Q6B+Un7y2y64+PDrkQ==, unionid=null, errcode=0, errmsg=null)
2022-06-26 10:46:14.629 [DEBUG] com.jonas.data.mysql.mapper.WechatUserMapper.selectById - ==>  Preparing: SELECT openid,unionid,session_key,create_time,update_time FROM wechat_user WHERE openid=?
2022-06-26 10:46:14.630 [DEBUG] com.jonas.data.mysql.mapper.WechatUserMapper.selectById - ==> Parameters: ocqK84mFVsIEWzAIe6OIjWmc396A(String)
2022-06-26 10:46:14.632 [DEBUG] com.jonas.data.mysql.mapper.WechatUserMapper.selectById - <==      Total: 1
2022-06-26 10:46:14.686 [INFO ] com.jonas.config.MyMetaObjectHandler - start update fill ....
2022-06-26 10:46:14.698 [DEBUG] com.jonas.data.mysql.mapper.WechatUserMapper.updateById - ==>  Preparing: UPDATE wechat_user SET session_key=?, update_time=? WHERE openid=?
2022-06-26 10:46:14.717 [DEBUG] com.jonas.data.mysql.mapper.WechatUserMapper.updateById - ==> Parameters: 9OG2Q6B+Un7y2y64+PDrkQ==(String), 2022-06-26T10:34:30(LocalDateTime), ocqK84mFVsIEWzAIe6OIjWmc396A(String)
2022-06-26 10:46:14.722 [DEBUG] com.jonas.data.mysql.mapper.WechatUserMapper.updateById - <==    Updates: 1
2022-06-26 10:46:14.722 [INFO ] com.jonas.data.mysql.dao.WechatUserDao - 更新WechatUser成功，旧sessionKey为5zkXUIF6ooxBPkfkJyLeaQ==，新sessionKey为9OG2Q6B+Un7y2y64+PDrkQ==
2022-06-26 10:46:14.815 [ERROR] com.jonas.component.GlobalExceptionHandler - handle exception
java.lang.NullPointerException: null
	at com.jonas.component.ResponseAdvice.beforeBodyWrite(ResponseAdvice.java:33)
	at org.springframework.web.servlet.mvc.method.annotation.RequestResponseBodyAdviceChain.processBody(RequestResponseBodyAdviceChain.java:141)
	at org.springframework.web.servlet.mvc.method.annotation.RequestResponseBodyAdviceChain.beforeBodyWrite(RequestResponseBodyAdviceChain.java:116)
	at org.springframework.web.servlet.mvc.method.annotation.AbstractMessageConverterMethodProcessor.writeWithMessageConverters(AbstractMessageConverterMethodProcessor.java:278)
	at org.springframework.web.servlet.mvc.method.annotation.RequestResponseBodyMethodProcessor.handleReturnValue(RequestResponseBodyMethodProcessor.java:181)
	at org.springframework.web.method.support.HandlerMethodReturnValueHandlerComposite.handleReturnValue(HandlerMethodReturnValueHandlerComposite.java:82)
	at org.springframework.web.servlet.mvc.method.annotation.ServletInvocableHandlerMethod.invokeAndHandle(ServletInvocableHandlerMethod.java:123)
	at org.springframework.web.servlet.mvc.method.annotation.RequestMappingHandlerAdapter.invokeHandlerMethod(RequestMappingHandlerAdapter.java:878)
	at org.springframework.web.servlet.mvc.method.annotation.RequestMappingHandlerAdapter.handleInternal(RequestMappingHandlerAdapter.java:792)
	at org.springframework.web.servlet.mvc.method.AbstractHandlerMethodAdapter.handle(AbstractHandlerMethodAdapter.java:87)
	at org.springframework.web.servlet.DispatcherServlet.doDispatch(DispatcherServlet.java:1040)
	at org.springframework.web.servlet.DispatcherServlet.doService(DispatcherServlet.java:943)
	at org.springframework.web.servlet.FrameworkServlet.processRequest(FrameworkServlet.java:1006)
	at org.springframework.web.servlet.FrameworkServlet.doGet(FrameworkServlet.java:898)
	at javax.servlet.http.HttpServlet.service(HttpServlet.java:626)
	at org.springframework.web.servlet.FrameworkServlet.service(FrameworkServlet.java:883)
	at javax.servlet.http.HttpServlet.service(HttpServlet.java:733)
	at org.apache.catalina.core.ApplicationFilterChain.internalDoFilter(ApplicationFilterChain.java:231)
	at org.apache.catalina.core.ApplicationFilterChain.doFilter(ApplicationFilterChain.java:166)
	at org.apache.tomcat.websocket.server.WsFilter.doFilter(WsFilter.java:53)
	at org.apache.catalina.core.ApplicationFilterChain.internalDoFilter(ApplicationFilterChain.java:193)
	at org.apache.catalina.core.ApplicationFilterChain.doFilter(ApplicationFilterChain.java:166)
	at org.springframework.web.filter.RequestContextFilter.doFilterInternal(RequestContextFilter.java:100)
	at org.springframework.web.filter.OncePerRequestFilter.doFilter(OncePerRequestFilter.java:119)
	at org.apache.catalina.core.ApplicationFilterChain.internalDoFilter(ApplicationFilterChain.java:193)
	at org.apache.catalina.core.ApplicationFilterChain.doFilter(ApplicationFilterChain.java:166)
	at org.springframework.web.filter.FormContentFilter.doFilterInternal(FormContentFilter.java:93)
	at org.springframework.web.filter.OncePerRequestFilter.doFilter(OncePerRequestFilter.java:119)
	at org.apache.catalina.core.ApplicationFilterChain.internalDoFilter(ApplicationFilterChain.java:193)
	at org.apache.catalina.core.ApplicationFilterChain.doFilter(ApplicationFilterChain.java:166)
	at org.springframework.web.filter.CharacterEncodingFilter.doFilterInternal(CharacterEncodingFilter.java:201)
	at org.springframework.web.filter.OncePerRequestFilter.doFilter(OncePerRequestFilter.java:119)
	at org.apache.catalina.core.ApplicationFilterChain.internalDoFilter(ApplicationFilterChain.java:193)
	at org.apache.catalina.core.ApplicationFilterChain.doFilter(ApplicationFilterChain.java:166)
	at org.apache.catalina.core.StandardWrapperValve.invoke(StandardWrapperValve.java:202)
	at org.apache.catalina.core.StandardContextValve.invoke(StandardContextValve.java:96)
	at org.apache.catalina.authenticator.AuthenticatorBase.invoke(AuthenticatorBase.java:541)
	at org.apache.catalina.core.StandardHostValve.invoke(StandardHostValve.java:139)
	at org.apache.catalina.valves.ErrorReportValve.invoke(ErrorReportValve.java:92)
	at org.apache.catalina.core.StandardEngineValve.invoke(StandardEngineValve.java:74)
	at org.apache.catalina.connector.CoyoteAdapter.service(CoyoteAdapter.java:343)
	at org.apache.coyote.http11.Http11Processor.service(Http11Processor.java:373)
	at org.apache.coyote.AbstractProcessorLight.process(AbstractProcessorLight.java:65)
	at org.apache.coyote.AbstractProtocol$ConnectionHandler.process(AbstractProtocol.java:868)
	at org.apache.tomcat.util.net.NioEndpoint$SocketProcessor.doRun(NioEndpoint.java:1589)
	at org.apache.tomcat.util.net.SocketProcessorBase.run(SocketProcessorBase.java:49)
	at java.util.concurrent.ThreadPoolExecutor.runWorker(ThreadPoolExecutor.java:1149)
	at java.util.concurrent.ThreadPoolExecutor$Worker.run(ThreadPoolExecutor.java:624)
	at org.apache.tomcat.util.threads.TaskThread$WrappingRunnable.run(TaskThread.java:61)
	at java.lang.Thread.run(Thread.java:748)
2022-06-26 10:46:14.867 [ERROR] com.jonas.component.GlobalExceptionHandler - handle exception
java.lang.NullPointerException: null
	at com.jonas.component.ResponseAdvice.beforeBodyWrite(ResponseAdvice.java:33)
	at org.springframework.web.servlet.mvc.method.annotation.RequestResponseBodyAdviceChain.processBody(RequestResponseBodyAdviceChain.java:141)
	at org.springframework.web.servlet.mvc.method.annotation.RequestResponseBodyAdviceChain.beforeBodyWrite(RequestResponseBodyAdviceChain.java:116)
	at org.springframework.web.servlet.mvc.method.annotation.AbstractMessageConverterMethodProcessor.writeWithMessageConverters(AbstractMessageConverterMethodProcessor.java:278)
	at org.springframework.web.servlet.mvc.method.annotation.HttpEntityMethodProcessor.handleReturnValue(HttpEntityMethodProcessor.java:219)
	at org.springframework.web.method.support.HandlerMethodReturnValueHandlerComposite.handleReturnValue(HandlerMethodReturnValueHandlerComposite.java:82)
	at org.springframework.web.servlet.mvc.method.annotation.ServletInvocableHandlerMethod.invokeAndHandle(ServletInvocableHandlerMethod.java:123)
	at org.springframework.web.servlet.mvc.method.annotation.RequestMappingHandlerAdapter.invokeHandlerMethod(RequestMappingHandlerAdapter.java:878)
	at org.springframework.web.servlet.mvc.method.annotation.RequestMappingHandlerAdapter.handleInternal(RequestMappingHandlerAdapter.java:792)
	at org.springframework.web.servlet.mvc.method.AbstractHandlerMethodAdapter.handle(AbstractHandlerMethodAdapter.java:87)
	at org.springframework.web.servlet.DispatcherServlet.doDispatch(DispatcherServlet.java:1040)
	at org.springframework.web.servlet.DispatcherServlet.doService(DispatcherServlet.java:943)
	at org.springframework.web.servlet.FrameworkServlet.processRequest(FrameworkServlet.java:1006)
	at org.springframework.web.servlet.FrameworkServlet.doGet(FrameworkServlet.java:898)
	at javax.servlet.http.HttpServlet.service(HttpServlet.java:626)
	at org.springframework.web.servlet.FrameworkServlet.service(FrameworkServlet.java:883)
	at javax.servlet.http.HttpServlet.service(HttpServlet.java:733)
	at org.apache.catalina.core.ApplicationFilterChain.internalDoFilter(ApplicationFilterChain.java:231)
	at org.apache.catalina.core.ApplicationFilterChain.doFilter(ApplicationFilterChain.java:166)
	at org.springframework.web.filter.RequestContextFilter.doFilterInternal(RequestContextFilter.java:100)
	at org.springframework.web.filter.OncePerRequestFilter.doFilter(OncePerRequestFilter.java:119)
	at org.apache.catalina.core.ApplicationFilterChain.internalDoFilter(ApplicationFilterChain.java:193)
	at org.apache.catalina.core.ApplicationFilterChain.doFilter(ApplicationFilterChain.java:166)
	at org.springframework.web.filter.OncePerRequestFilter.doFilter(OncePerRequestFilter.java:103)
	at org.apache.catalina.core.ApplicationFilterChain.internalDoFilter(ApplicationFilterChain.java:193)
	at org.apache.catalina.core.ApplicationFilterChain.doFilter(ApplicationFilterChain.java:166)
	at org.springframework.web.filter.OncePerRequestFilter.doFilter(OncePerRequestFilter.java:103)
	at org.apache.catalina.core.ApplicationFilterChain.internalDoFilter(ApplicationFilterChain.java:193)
	at org.apache.catalina.core.ApplicationFilterChain.doFilter(ApplicationFilterChain.java:166)
	at org.apache.catalina.core.ApplicationDispatcher.invoke(ApplicationDispatcher.java:712)
	at org.apache.catalina.core.ApplicationDispatcher.processRequest(ApplicationDispatcher.java:461)
	at org.apache.catalina.core.ApplicationDispatcher.doForward(ApplicationDispatcher.java:384)
	at org.apache.catalina.core.ApplicationDispatcher.forward(ApplicationDispatcher.java:312)
	at org.apache.catalina.core.StandardHostValve.custom(StandardHostValve.java:394)
	at org.apache.catalina.core.StandardHostValve.status(StandardHostValve.java:253)
	at org.apache.catalina.core.StandardHostValve.throwable(StandardHostValve.java:348)
	at org.apache.catalina.core.StandardHostValve.invoke(StandardHostValve.java:173)
	at org.apache.catalina.valves.ErrorReportValve.invoke(ErrorReportValve.java:92)
	at org.apache.catalina.core.StandardEngineValve.invoke(StandardEngineValve.java:74)
	at org.apache.catalina.connector.CoyoteAdapter.service(CoyoteAdapter.java:343)
	at org.apache.coyote.http11.Http11Processor.service(Http11Processor.java:373)
	at org.apache.coyote.AbstractProcessorLight.process(AbstractProcessorLight.java:65)
	at org.apache.coyote.AbstractProtocol$ConnectionHandler.process(AbstractProtocol.java:868)
	at org.apache.tomcat.util.net.NioEndpoint$SocketProcessor.doRun(NioEndpoint.java:1589)
	at org.apache.tomcat.util.net.SocketProcessorBase.run(SocketProcessorBase.java:49)
	at java.util.concurrent.ThreadPoolExecutor.runWorker(ThreadPoolExecutor.java:1149)
	at java.util.concurrent.ThreadPoolExecutor$Worker.run(ThreadPoolExecutor.java:624)
	at org.apache.tomcat.util.threads.TaskThread$WrappingRunnable.run(TaskThread.java:61)
	at java.lang.Thread.run(Thread.java:748)
2022-06-26 11:00:49.492 [INFO ] com.jonas.Application - Starting Application on jonas-mac.local with PID 9924 (/Users/shenjiayun/Documents/workspace/java/wechat-applet-server/target/classes started by shenjiayun in /Users/shenjiayun/Documents/workspace/java/wechat-applet-server)
2022-06-26 11:00:49.533 [DEBUG] com.jonas.Application - Running with Spring Boot v2.3.2.RELEASE, Spring v5.2.8.RELEASE
2022-06-26 11:00:49.534 [INFO ] com.jonas.Application - No active profile set, falling back to default profiles: default
2022-06-26 11:02:03.998 [INFO ] com.jonas.Application - Starting Application on jonas-mac.local with PID 9936 (/Users/shenjiayun/Documents/workspace/java/wechat-applet-server/target/classes started by shenjiayun in /Users/shenjiayun/Documents/workspace/java/wechat-applet-server)
2022-06-26 11:02:04.017 [DEBUG] com.jonas.Application - Running with Spring Boot v2.3.2.RELEASE, Spring v5.2.8.RELEASE
2022-06-26 11:02:04.024 [INFO ] com.jonas.Application - No active profile set, falling back to default profiles: default
2022-06-26 11:02:11.296 [INFO ] com.jonas.Application - Started Application in 9.316 seconds (JVM running for 10.719)
2022-06-26 11:02:21.270 [DEBUG] com.jonas.repository.mysql.mapper.WechatSecretMapper.selectById - ==>  Preparing: SELECT appid,secret,create_time,update_time FROM wechat_secret WHERE appid=?
2022-06-26 11:02:21.312 [DEBUG] com.jonas.repository.mysql.mapper.WechatSecretMapper.selectById - ==> Parameters: wx9692a6329bcdb403(String)
2022-06-26 11:02:21.352 [DEBUG] com.jonas.repository.mysql.mapper.WechatSecretMapper.selectById - <==      Total: 1
2022-06-26 11:02:21.363 [INFO ] com.jonas.service.AuthService - 调用code2session开始，appid为wx9692a6329bcdb403, js_code为093bAzll2fK4p94OTHml29SiAD2bAzlz
2022-06-26 11:02:22.047 [INFO ] com.jonas.service.AuthService - 调用code2session成功，返回值为Code2SessionResponse(openid=ocqK84mFVsIEWzAIe6OIjWmc396A, session_key=cxnHcokGcAbJvB6aEinNdQ==, unionid=null, errcode=0, errmsg=null)
2022-06-26 11:02:22.069 [DEBUG] com.jonas.repository.mysql.mapper.WechatUserMapper.selectById - ==>  Preparing: SELECT openid,unionid,session_key,create_time,update_time FROM wechat_user WHERE openid=?
2022-06-26 11:02:22.070 [DEBUG] com.jonas.repository.mysql.mapper.WechatUserMapper.selectById - ==> Parameters: ocqK84mFVsIEWzAIe6OIjWmc396A(String)
2022-06-26 11:02:22.074 [DEBUG] com.jonas.repository.mysql.mapper.WechatUserMapper.selectById - <==      Total: 1
2022-06-26 11:02:22.128 [INFO ] com.jonas.config.MyMetaObjectHandler - start update fill ....
2022-06-26 11:02:22.135 [DEBUG] com.jonas.repository.mysql.mapper.WechatUserMapper.updateById - ==>  Preparing: UPDATE wechat_user SET session_key=?, update_time=? WHERE openid=?
2022-06-26 11:02:22.139 [DEBUG] com.jonas.repository.mysql.mapper.WechatUserMapper.updateById - ==> Parameters: cxnHcokGcAbJvB6aEinNdQ==(String), 2022-06-26T10:34:30(LocalDateTime), ocqK84mFVsIEWzAIe6OIjWmc396A(String)
2022-06-26 11:02:22.144 [DEBUG] com.jonas.repository.mysql.mapper.WechatUserMapper.updateById - <==    Updates: 1
2022-06-26 11:02:22.145 [INFO ] com.jonas.repository.mysql.dao.WechatUserDao - 更新WechatUser成功，旧sessionKey为9OG2Q6B+Un7y2y64+PDrkQ==，新sessionKey为cxnHcokGcAbJvB6aEinNdQ==
2022-06-26 11:02:22.250 [INFO ] com.jonas.config.access.AccessInterceptor - AccessLog(beginTime=1656212540670, host=0:0:0:0:0:0:0:1, url=/auth/code2session, method=GET, params={code=["093bAzll2fK4p94OTHml29SiAD2bAzlz"]}, consumeTime=1580, body=Code2SessionResponse(openid=ocqK84mFVsIEWzAIe6OIjWmc396A, session_key=cxnHcokGcAbJvB6aEinNdQ==, unionid=null, errcode=0, errmsg=null))
