2022-06-26 10:20:34.165 [INFO ] com.jonas.Application - Starting Application on jonas-mac.local with PID 8519 (/Users/shenjiayun/Documents/workspace/java/wechat-applet-server/target/classes started by shenjiayun in /Users/shenjiayun/Documents/workspace/java/wechat-applet-server)
2022-06-26 10:20:34.173 [INFO ] com.jonas.Application - No active profile set, falling back to default profiles: default
2022-06-26 10:20:40.340 [INFO ] com.jonas.Application - Started Application in 8.037 seconds (JVM running for 9.118)
2022-06-26 10:21:09.006 [INFO ] com.jonas.service.AuthService - 调用code2session开始，appid为wx9692a6329bcdb403, js_code为013WmQ0w3wvIJY2Bkh0w3EsnQ14WmQ09
2022-06-26 10:21:09.693 [INFO ] com.jonas.service.AuthService - 调用code2session成功，返回值为Code2SessionResponse(openid=ocqK84mFVsIEWzAIe6OIjWmc396A, session_key=WpQhFqrWWz+WjPFR7q23dw==, unionid=null, errcode=0, errmsg=null)
2022-06-26 10:21:09.752 [INFO ] com.jonas.service.AuthService - 保存WechatUser成功，WechatUser(openid=ocqK84mFVsIEWzAIe6OIjWmc396A, unionid=null, sessionKey=WpQhFqrWWz+WjPFR7q23dw==, createTime=null, updateTime=null)
2022-06-26 10:21:45.913 [INFO ] com.jonas.service.AuthService - 调用code2session开始，appid为wx9692a6329bcdb403, js_code为053hmz0w38SZJY2biW3w3dnBeJ2hmz02
2022-06-26 10:21:46.257 [INFO ] com.jonas.service.AuthService - 调用code2session成功，返回值为Code2SessionResponse(openid=ocqK84mFVsIEWzAIe6OIjWmc396A, session_key=WpQhFqrWWz+WjPFR7q23dw==, unionid=null, errcode=0, errmsg=null)
2022-06-26 10:34:05.985 [INFO ] com.jonas.Application - Starting Application on jonas-mac.local with PID 8616 (/Users/shenjiayun/Documents/workspace/java/wechat-applet-server/target/classes started by shenjiayun in /Users/shenjiayun/Documents/workspace/java/wechat-applet-server)
2022-06-26 10:34:05.990 [INFO ] com.jonas.Application - No active profile set, falling back to default profiles: default
2022-06-26 10:34:11.491 [INFO ] com.jonas.Application - Started Application in 7.292 seconds (JVM running for 8.565)
2022-06-26 10:34:29.329 [INFO ] com.jonas.service.AuthService - 调用code2session开始，appid为wx9692a6329bcdb403, js_code为033MMZkl20IAp94iqnml2OUVWa4MMZk1
2022-06-26 10:34:30.104 [INFO ] com.jonas.service.AuthService - 调用code2session成功，返回值为Code2SessionResponse(openid=ocqK84mFVsIEWzAIe6OIjWmc396A, session_key=5zkXUIF6ooxBPkfkJyLeaQ==, unionid=null, errcode=0, errmsg=null)
2022-06-26 10:34:30.187 [INFO ] com.jonas.config.MyMetaObjectHandler - start update fill ....
2022-06-26 10:34:30.213 [INFO ] com.jonas.data.mysql.dao.WechatUserDao - 更新WechatUser成功，旧sessionKey为WpQhFqrWWz+WjPFR7q23dw==，新sessionKey为5zkXUIF6ooxBPkfkJyLeaQ==
2022-06-26 10:45:48.315 [INFO ] com.jonas.Application - Starting Application on jonas-mac.local with PID 8985 (/Users/shenjiayun/Documents/workspace/java/wechat-applet-server/target/classes started by shenjiayun in /Users/shenjiayun/Documents/workspace/java/wechat-applet-server)
2022-06-26 10:45:48.319 [INFO ] com.jonas.Application - No active profile set, falling back to default profiles: default
2022-06-26 10:45:54.100 [INFO ] com.jonas.Application - Started Application in 7.466 seconds (JVM running for 8.722)
2022-06-26 10:46:13.899 [INFO ] com.jonas.service.AuthService - 调用code2session开始，appid为wx9692a6329bcdb403, js_code为053e3d100Bma4O1ICd100Il7Z02e3d1H
2022-06-26 10:46:14.602 [INFO ] com.jonas.service.AuthService - 调用code2session成功，返回值为Code2SessionResponse(openid=ocqK84mFVsIEWzAIe6OIjWmc396A, session_key=9OG2Q6B+Un7y2y64+PDrkQ==, unionid=null, errcode=0, errmsg=null)
2022-06-26 10:46:14.686 [INFO ] com.jonas.config.MyMetaObjectHandler - start update fill ....
2022-06-26 10:46:14.722 [INFO ] com.jonas.data.mysql.dao.WechatUserDao - 更新WechatUser成功，旧sessionKey为5zkXUIF6ooxBPkfkJyLeaQ==，新sessionKey为9OG2Q6B+Un7y2y64+PDrkQ==
2022-06-26 11:00:49.492 [INFO ] com.jonas.Application - Starting Application on jonas-mac.local with PID 9924 (/Users/shenjiayun/Documents/workspace/java/wechat-applet-server/target/classes started by shenjiayun in /Users/shenjiayun/Documents/workspace/java/wechat-applet-server)
2022-06-26 11:00:49.534 [INFO ] com.jonas.Application - No active profile set, falling back to default profiles: default
2022-06-26 11:02:03.998 [INFO ] com.jonas.Application - Starting Application on jonas-mac.local with PID 9936 (/Users/shenjiayun/Documents/workspace/java/wechat-applet-server/target/classes started by shenjiayun in /Users/shenjiayun/Documents/workspace/java/wechat-applet-server)
2022-06-26 11:02:04.024 [INFO ] com.jonas.Application - No active profile set, falling back to default profiles: default
2022-06-26 11:02:11.296 [INFO ] com.jonas.Application - Started Application in 9.316 seconds (JVM running for 10.719)
2022-06-26 11:02:21.363 [INFO ] com.jonas.service.AuthService - 调用code2session开始，appid为wx9692a6329bcdb403, js_code为093bAzll2fK4p94OTHml29SiAD2bAzlz
2022-06-26 11:02:22.047 [INFO ] com.jonas.service.AuthService - 调用code2session成功，返回值为Code2SessionResponse(openid=ocqK84mFVsIEWzAIe6OIjWmc396A, session_key=cxnHcokGcAbJvB6aEinNdQ==, unionid=null, errcode=0, errmsg=null)
2022-06-26 11:02:22.128 [INFO ] com.jonas.config.MyMetaObjectHandler - start update fill ....
2022-06-26 11:02:22.145 [INFO ] com.jonas.repository.mysql.dao.WechatUserDao - 更新WechatUser成功，旧sessionKey为9OG2Q6B+Un7y2y64+PDrkQ==，新sessionKey为cxnHcokGcAbJvB6aEinNdQ==
2022-06-26 11:02:22.250 [INFO ] com.jonas.config.access.AccessInterceptor - AccessLog(beginTime=1656212540670, host=0:0:0:0:0:0:0:1, url=/auth/code2session, method=GET, params={code=["093bAzll2fK4p94OTHml29SiAD2bAzlz"]}, consumeTime=1580, body=Code2SessionResponse(openid=ocqK84mFVsIEWzAIe6OIjWmc396A, session_key=cxnHcokGcAbJvB6aEinNdQ==, unionid=null, errcode=0, errmsg=null))
