2022-06-25 15:12:34.480 [INFO ] com.jonas.Application - Starting Application on jonas-mac.local with PID 4098 (/Users/shenjiayun/Documents/workspace/java/wechat-applet-server/target/classes started by shenjiayun in /Users/shenjiayun/Documents/workspace/java/wechat-applet-server)
2022-06-25 15:12:34.485 [DEBUG] com.jonas.Application - Running with Spring Boot v2.3.2.RELEASE, Spring v5.2.8.RELEASE
2022-06-25 15:12:34.486 [INFO ] com.jonas.Application - No active profile set, falling back to default profiles: default
2022-06-25 15:12:40.055 [INFO ] com.jonas.Application - Started Application in 7.243 seconds (JVM running for 8.317)
2022-06-25 15:55:56.974 [INFO ] com.jonas.Application - Starting Application on jonas-mac.local with PID 4306 (/Users/shenjiayun/Documents/workspace/java/wechat-applet-server/target/classes started by shenjiayun in /Users/shenjiayun/Documents/workspace/java/wechat-applet-server)
2022-06-25 15:55:56.991 [DEBUG] com.jonas.Application - Running with Spring Boot v2.3.2.RELEASE, Spring v5.2.8.RELEASE
2022-06-25 15:55:56.992 [INFO ] com.jonas.Application - No active profile set, falling back to default profiles: default
2022-06-25 15:56:11.332 [INFO ] com.jonas.Application - Started Application in 19.413 seconds (JVM running for 23.381)
2022-06-25 16:48:18.339 [INFO ] com.jonas.Application - Starting Application on jonas-mac.local with PID 4630 (/Users/shenjiayun/Documents/workspace/java/wechat-applet-server/target/classes started by shenjiayun in /Users/shenjiayun/Documents/workspace/java/wechat-applet-server)
2022-06-25 16:48:18.341 [DEBUG] com.jonas.Application - Running with Spring Boot v2.3.2.RELEASE, Spring v5.2.8.RELEASE
2022-06-25 16:48:18.342 [INFO ] com.jonas.Application - No active profile set, falling back to default profiles: default
2022-06-25 16:48:24.858 [INFO ] com.jonas.Application - Started Application in 8.069 seconds (JVM running for 9.188)
2022-06-25 16:49:02.766 [INFO ] com.jonas.Application - Starting Application on jonas-mac.local with PID 4650 (/Users/shenjiayun/Documents/workspace/java/wechat-applet-server/target/classes started by shenjiayun in /Users/shenjiayun/Documents/workspace/java/wechat-applet-server)
2022-06-25 16:49:02.769 [DEBUG] com.jonas.Application - Running with Spring Boot v2.3.2.RELEASE, Spring v5.2.8.RELEASE
2022-06-25 16:49:02.770 [INFO ] com.jonas.Application - No active profile set, falling back to default profiles: default
2022-06-25 16:49:07.792 [INFO ] com.jonas.Application - Started Application in 6.623 seconds (JVM running for 7.663)
2022-06-25 16:49:20.363 [DEBUG] com.jonas.data.mysql.mapper.WechatSecretMapper.selectById - ==>  Preparing: SELECT appid,secret,create_time,update_time FROM wechat_secret WHERE appid=?
2022-06-25 16:49:20.406 [DEBUG] com.jonas.data.mysql.mapper.WechatSecretMapper.selectById - ==> Parameters: applet.appid(String)
2022-06-25 16:49:20.443 [DEBUG] com.jonas.data.mysql.mapper.WechatSecretMapper.selectById - <==      Total: 0
2022-06-25 16:49:20.454 [ERROR] com.jonas.service.AuthService - 不存在的appid:applet.appid
2022-06-25 17:26:32.296 [INFO ] com.jonas.Application - Starting Application on jonas-mac.local with PID 4758 (/Users/shenjiayun/Documents/workspace/java/wechat-applet-server/target/classes started by shenjiayun in /Users/shenjiayun/Documents/workspace/java/wechat-applet-server)
2022-06-25 17:26:32.312 [DEBUG] com.jonas.Application - Running with Spring Boot v2.3.2.RELEASE, Spring v5.2.8.RELEASE
2022-06-25 17:26:32.314 [INFO ] com.jonas.Application - No active profile set, falling back to default profiles: default
2022-06-25 17:26:37.389 [INFO ] com.jonas.Application - Started Application in 6.668 seconds (JVM running for 7.83)
2022-06-25 17:26:50.446 [DEBUG] com.jonas.data.mysql.mapper.WechatSecretMapper.selectById - ==>  Preparing: SELECT appid,secret,create_time,update_time FROM wechat_secret WHERE appid=?
2022-06-25 17:26:50.494 [DEBUG] com.jonas.data.mysql.mapper.WechatSecretMapper.selectById - ==> Parameters: wx9692a6329bcdb403(String)
2022-06-25 17:26:50.537 [DEBUG] com.jonas.data.mysql.mapper.WechatSecretMapper.selectById - <==      Total: 1
2022-06-25 17:26:50.547 [INFO ] com.jonas.service.AuthService - 调用code2session，appid为wx9692a6329bcdb403, js_code为003QRL1w3x7BIY2cLh2w3wcI9b2QRL1m
2022-06-25 17:26:51.152 [INFO ] com.jonas.service.AuthService - 调用code2session成功，返回值为Code2SessionResponse(openid=null, session_key=null, unionid=null, errcode=41002, errmsg=appid missing, rid: 62b6d4db-3707c0bd-2b36ead1)
2022-06-25 17:50:52.164 [INFO ] com.jonas.Application - Starting Application on jonas-mac.local with PID 4842 (/Users/shenjiayun/Documents/workspace/java/wechat-applet-server/target/classes started by shenjiayun in /Users/shenjiayun/Documents/workspace/java/wechat-applet-server)
2022-06-25 17:50:52.168 [DEBUG] com.jonas.Application - Running with Spring Boot v2.3.2.RELEASE, Spring v5.2.8.RELEASE
2022-06-25 17:50:52.171 [INFO ] com.jonas.Application - No active profile set, falling back to default profiles: default
2022-06-25 17:50:57.662 [INFO ] com.jonas.Application - Started Application in 7.246 seconds (JVM running for 8.303)
2022-06-25 17:51:08.217 [DEBUG] com.jonas.data.mysql.mapper.WechatSecretMapper.selectById - ==>  Preparing: SELECT appid,secret,create_time,update_time FROM wechat_secret WHERE appid=?
2022-06-25 17:51:08.258 [DEBUG] com.jonas.data.mysql.mapper.WechatSecretMapper.selectById - ==> Parameters: wx9692a6329bcdb403(String)
2022-06-25 17:51:08.298 [DEBUG] com.jonas.data.mysql.mapper.WechatSecretMapper.selectById - <==      Total: 1
2022-06-25 17:51:08.306 [INFO ] com.jonas.service.AuthService - 调用code2session，appid为wx9692a6329bcdb403, js_code为07390dml2spDo940KSol2RJUxD290dmr
2022-06-25 17:51:08.933 [INFO ] com.jonas.service.AuthService - 调用code2session成功，返回值为Code2SessionResponse(openid=null, session_key=null, unionid=null, errcode=41002, errmsg=appid missing, rid: 62b6da8d-410ed30a-65c11920)
2022-06-25 17:52:16.637 [INFO ] com.jonas.Application - Starting Application on jonas-mac.local with PID 4861 (/Users/shenjiayun/Documents/workspace/java/wechat-applet-server/target/classes started by shenjiayun in /Users/shenjiayun/Documents/workspace/java/wechat-applet-server)
2022-06-25 17:52:16.642 [DEBUG] com.jonas.Application - Running with Spring Boot v2.3.2.RELEASE, Spring v5.2.8.RELEASE
2022-06-25 17:52:16.644 [INFO ] com.jonas.Application - No active profile set, falling back to default profiles: default
2022-06-25 17:52:22.175 [INFO ] com.jonas.Application - Started Application in 7.244 seconds (JVM running for 8.206)
2022-06-25 17:56:13.349 [DEBUG] com.jonas.data.mysql.mapper.WechatSecretMapper.selectById - ==>  Preparing: SELECT appid,secret,create_time,update_time FROM wechat_secret WHERE appid=?
2022-06-25 17:56:13.392 [DEBUG] com.jonas.data.mysql.mapper.WechatSecretMapper.selectById - ==> Parameters: wx9692a6329bcdb403(String)
2022-06-25 17:56:13.437 [DEBUG] com.jonas.data.mysql.mapper.WechatSecretMapper.selectById - <==      Total: 1
2022-06-25 17:56:13.446 [INFO ] com.jonas.service.AuthService - 调用code2session，appid为wx9692a6329bcdb403, js_code为093mjdml2ixCo94t8cnl2oR1Tg2mjdmN
2022-06-25 17:56:14.113 [INFO ] com.jonas.service.AuthService - 调用code2session成功，返回值为Code2SessionResponse(openid=null, session_key=null, unionid=null, errcode=41002, errmsg=appid missing, rid: 62b6dbbe-6dceedcd-53c452df)
2022-06-25 18:21:25.424 [INFO ] com.jonas.Application - Starting Application on jonas-mac.local with PID 5408 (/Users/shenjiayun/Documents/workspace/java/wechat-applet-server/target/classes started by shenjiayun in /Users/shenjiayun/Documents/workspace/java/wechat-applet-server)
2022-06-25 18:21:25.427 [DEBUG] com.jonas.Application - Running with Spring Boot v2.3.2.RELEASE, Spring v5.2.8.RELEASE
2022-06-25 18:21:25.428 [INFO ] com.jonas.Application - No active profile set, falling back to default profiles: default
2022-06-25 18:21:31.003 [INFO ] com.jonas.Application - Started Application in 7.031 seconds (JVM running for 7.969)
2022-06-25 18:21:42.697 [DEBUG] com.jonas.data.mysql.mapper.WechatSecretMapper.selectById - ==>  Preparing: SELECT appid,secret,create_time,update_time FROM wechat_secret WHERE appid=?
2022-06-25 18:21:42.741 [DEBUG] com.jonas.data.mysql.mapper.WechatSecretMapper.selectById - ==> Parameters: wx9692a6329bcdb403(String)
2022-06-25 18:21:42.778 [DEBUG] com.jonas.data.mysql.mapper.WechatSecretMapper.selectById - <==      Total: 1
2022-06-25 18:21:42.789 [INFO ] com.jonas.service.AuthService - 调用code2session，appid为wx9692a6329bcdb403, js_code为09391J0w3l6zJY2nv02w3XP4Ae291J0l
2022-06-25 18:21:43.483 [INFO ] com.jonas.service.AuthService - 调用code2session成功，返回值为Response{protocol=http/1.1, code=200, message=OK, url=https://api.weixin.qq.com/sns/jscode2session?grant_type=authorization_code&appid=wx9692a6329bcdb403&js_code=09391J0w3l6zJY2nv02w3XP4Ae291J0l&secret=f4a63407b101e6f51e4d70e58476387c}
2022-06-25 18:23:32.185 [INFO ] com.jonas.Application - Starting Application on jonas-mac.local with PID 5427 (/Users/shenjiayun/Documents/workspace/java/wechat-applet-server/target/classes started by shenjiayun in /Users/shenjiayun/Documents/workspace/java/wechat-applet-server)
2022-06-25 18:23:32.188 [DEBUG] com.jonas.Application - Running with Spring Boot v2.3.2.RELEASE, Spring v5.2.8.RELEASE
2022-06-25 18:23:32.196 [INFO ] com.jonas.Application - No active profile set, falling back to default profiles: default
2022-06-25 18:23:37.095 [INFO ] com.jonas.Application - Started Application in 6.505 seconds (JVM running for 7.537)
2022-06-25 18:23:42.318 [DEBUG] com.jonas.data.mysql.mapper.WechatSecretMapper.selectById - ==>  Preparing: SELECT appid,secret,create_time,update_time FROM wechat_secret WHERE appid=?
2022-06-25 18:23:42.360 [DEBUG] com.jonas.data.mysql.mapper.WechatSecretMapper.selectById - ==> Parameters: wx9692a6329bcdb403(String)
2022-06-25 18:23:42.398 [DEBUG] com.jonas.data.mysql.mapper.WechatSecretMapper.selectById - <==      Total: 1
2022-06-25 18:23:42.409 [INFO ] com.jonas.service.AuthService - 调用code2session，appid为wx9692a6329bcdb403, js_code为0438N8ll2rCHp94RFVol2yXxAy18N8ln
2022-06-25 18:23:43.096 [INFO ] com.jonas.service.AuthService - 调用code2session成功，返回值为{"session_key":"gtMr0Hf+GoIgR4nHg4uw\/w==","openid":"ocqK84mFVsIEWzAIe6OIjWmc396A"}
2022-06-25 18:49:09.598 [INFO ] com.jonas.Application - Starting Application on jonas-mac.local with PID 5523 (/Users/shenjiayun/Documents/workspace/java/wechat-applet-server/target/classes started by shenjiayun in /Users/shenjiayun/Documents/workspace/java/wechat-applet-server)
2022-06-25 18:49:09.601 [DEBUG] com.jonas.Application - Running with Spring Boot v2.3.2.RELEASE, Spring v5.2.8.RELEASE
2022-06-25 18:49:09.601 [INFO ] com.jonas.Application - No active profile set, falling back to default profiles: default
2022-06-25 18:49:14.227 [INFO ] com.jonas.Application - Started Application in 6.131 seconds (JVM running for 7.231)
2022-06-25 18:49:30.699 [DEBUG] com.jonas.data.mysql.mapper.WechatSecretMapper.selectById - ==>  Preparing: SELECT appid,secret,create_time,update_time FROM wechat_secret WHERE appid=?
2022-06-25 18:49:30.747 [DEBUG] com.jonas.data.mysql.mapper.WechatSecretMapper.selectById - ==> Parameters: wx9692a6329bcdb403(String)
2022-06-25 18:49:30.784 [DEBUG] com.jonas.data.mysql.mapper.WechatSecretMapper.selectById - <==      Total: 1
2022-06-25 18:49:30.797 [INFO ] com.jonas.service.AuthService - 调用code2session开始，appid为wx9692a6329bcdb403, js_code为083SUm100aYI3O1Axu100UkiSM0SUm1s
2022-06-25 18:49:31.389 [INFO ] com.jonas.service.AuthService - 调用code2session结束，返回值为Code2SessionResponse(openid=ocqK84mFVsIEWzAIe6OIjWmc396A, session_key=dyr6JayO2RWSEyfrqO/+kA==, unionid=null, errcode=0, errmsg=null)
